2026/02/27 06:29:02 Application started
2026/02/27 06:29:02 User alice logged in
2026/02/27 06:30:29 Application started
2026/02/27 06:30:29 User alice logged in
2026/02/27 06:41:22 Application started at  2026-02-27 06:41:22.841088 +0500 PKT m=+0.000535543
2026/02/27 06:49:53 Application started at  2026-02-27 06:49:53.006936 +0500 PKT m=+0.000587210
2026/02/27 06:57:28 Application started at  2026-02-27 06:57:28.382627 +0500 PKT m=+0.000566293
2026/02/27 06:58:14 Application started at  2026-02-27 06:58:14.912612 +0500 PKT m=+0.001152960
2026/02/27 06:59:19 Application started at  2026-02-27 06:59:19.972592 +0500 PKT m=+0.000559459
2026/02/27 07:00:27 Application started at  2026-02-27 07:00:27.270874 +0500 PKT m=+0.000527209
2026/02/27 07:00:54 Application started at  2026-02-27 07:00:54.923833 +0500 PKT m=+0.001039001
2026/02/27 07:01:12 Alas, there's been an error: program was killed: program experienced a panic
2026/02/27 07:02:10 Application started at  2026-02-27 07:02:10.057898 +0500 PKT m=+0.000542334
2026/02/27 07:13:14 Application started at  2026-02-27 07:13:14.018655 +0500 PKT m=+0.000583001
2026/02/27 07:14:14 Application started at  2026-02-27 07:14:14.811659 +0500 PKT m=+0.000565001
2026/02/27 07:14:53 Application started at  2026-02-27 07:14:53.760371 +0500 PKT m=+0.000194126
2026/02/27 07:19:59 Application started at  2026-02-27 07:19:59.304702 +0500 PKT m=+0.000541460
2026/02/27 07:20:11 Alas, there's been an error: program was killed: program experienced a panic
2026/02/27 07:20:44 Application started at  2026-02-27 07:20:44.969168 +0500 PKT m=+0.000584251
2026/02/27 07:22:16 Application started at  2026-02-27 07:22:16.646071 +0500 PKT m=+0.000531168
2026/02/27 07:22:26 Application started at  2026-02-27 07:22:26.991724 +0500 PKT m=+0.000555751
2026/02/27 07:22:37 Application started at  2026-02-27 07:22:37.212042 +0500 PKT m=+0.000550292
2026/02/27 07:23:55 Application started at  2026-02-27 07:23:55.289674 +0500 PKT m=+0.000528418
2026/02/27 07:26:07 Application started at  2026-02-27 07:26:07.298245 +0500 PKT m=+0.000543126
2026/02/27 07:26:44 Application started at  2026-02-27 07:26:44.610884 +0500 PKT m=+0.000538835
2026/02/27 07:29:50 Application started at  2026-02-27 07:29:50.641887 +0500 PKT m=+0.000538459
2026/02/27 07:31:05 Application started at  2026-02-27 07:31:05.635636 +0500 PKT m=+0.000535626
2026/02/27 07:31:07 change:  false
2026/02/27 07:31:07 change:  false
2026/02/27 07:31:09 change:  false
2026/02/27 07:31:10 change:  false
2026/02/27 07:31:57 Application started at  2026-02-27 07:31:57.756708 +0500 PKT m=+0.000511626
2026/02/27 07:31:58 changeMonth :  false  idx:  26
2026/02/27 07:31:58 change:  false
2026/02/27 07:32:06 changeMonth :  false  idx:  19
2026/02/27 07:32:06 change:  false
2026/02/27 07:32:07 changeMonth :  false  idx:  12
2026/02/27 07:32:07 change:  false
2026/02/27 07:32:28 changeMonth :  false  idx:  5
2026/02/27 07:32:28 change:  false
2026/02/27 07:32:34 changeMonth :  true  idx:  -1
2026/02/27 07:32:40 changeMonth :  false  idx:  0
2026/02/27 07:32:41 changeMonth :  false  idx:  1
2026/02/27 07:32:41 changeMonth :  false  idx:  2
2026/02/27 07:32:41 change:  false
2026/02/27 07:32:42 changeMonth :  false  idx:  -1
2026/02/27 07:32:42 change:  false
2026/02/27 07:33:22 Application started at  2026-02-27 07:33:22.795037 +0500 PKT m=+0.000512501
2026/02/27 07:33:23 changeMonth :  false  idx:  26
2026/02/27 07:33:27 changeMonth :  true  idx:  -1
2026/02/27 07:33:52 changeMonth :  false  idx:  0
2026/02/27 07:33:52 changeMonth :  false  idx:  7
2026/02/27 07:33:52 changeMonth :  false  idx:  14
2026/02/27 07:33:53 changeMonth :  false  idx:  21
2026/02/27 07:33:53 changeMonth :  false  idx:  28
2026/02/27 07:33:53 changeMonth :  true  idx:  -1
2026/02/27 07:33:53 changeMonth :  false  idx:  0
2026/02/27 07:33:54 changeMonth :  false  idx:  7
2026/02/27 07:33:54 changeMonth :  false  idx:  14
2026/02/27 07:33:54 changeMonth :  false  idx:  21
2026/02/27 07:33:54 changeMonth :  false  idx:  28
2026/02/27 07:33:54 changeMonth :  true  idx:  -1
2026/02/27 07:33:55 changeMonth :  false  idx:  0
2026/02/27 07:33:55 changeMonth :  false  idx:  7
2026/02/27 07:33:55 changeMonth :  false  idx:  14
2026/02/27 07:33:55 changeMonth :  false  idx:  21
2026/02/27 07:33:55 changeMonth :  false  idx:  28
2026/02/27 07:33:56 changeMonth :  true  idx:  -1
2026/02/27 07:33:57 changeMonth :  false  idx:  0
2026/02/27 07:33:57 changeMonth :  false  idx:  7
2026/02/27 07:33:57 changeMonth :  false  idx:  14
2026/02/27 07:33:57 changeMonth :  false  idx:  21
2026/02/27 07:33:58 changeMonth :  false  idx:  28
2026/02/27 07:34:01 changeMonth :  true  idx:  -1
2026/02/27 07:34:02 changeMonth :  false  idx:  0
2026/02/27 07:34:02 changeMonth :  false  idx:  1
2026/02/27 07:34:02 changeMonth :  false  idx:  2
2026/02/27 07:34:02 changeMonth :  false  idx:  9
2026/02/27 07:34:03 changeMonth :  false  idx:  16
2026/02/27 07:34:03 changeMonth :  false  idx:  23
2026/02/27 07:34:03 changeMonth :  true  idx:  30
